<?xml version="1.0" encoding="UTF-8"?>
<!-- Generated by org.testng.reporters.JUnitXMLReporter -->
<testsuite ignored="2" hostname="Nonglucks-MBP.fios-router.home" failures="0" tests="1" name="Default test" time="8.394" errors="0" timestamp="2022-04-03T17:57:15 EDT">
  <testcase classname="test.CRW004_findPropertiesForSaleFunctionality" name="CRW004_testSearchFunctionality" time="2.903"/>
  <testcase classname="test.CRW004_findPropertiesForSaleFunctionality" name="CRW004_testBuyTab" time="0.0">
    <ignored/>
  </testcase> <!-- CRW004_testBuyTab -->
  <testcase classname="test.CRW004_findPropertiesForSaleFunctionality" name="CRW004_testPropertyForSale" time="0.0">
    <ignored/>
  </testcase> <!-- CRW004_testPropertyForSale -->
</testsuite> <!-- Default test -->
