<?xml version="1.0" encoding="UTF-8"?>
<testng-results ignored="0" total="1" passed="1" failed="0" skipped="0">
  <reporter-output>
  </reporter-output>
  <suite started-at="2022-04-05T22:20:15 EDT" name="Default suite" finished-at="2022-04-05T22:20:24 EDT" duration-ms="8763">
    <groups>
    </groups>
    <test started-at="2022-04-05T22:20:15 EDT" name="Default test" finished-at="2022-04-05T22:20:24 EDT" duration-ms="8763">
      <class name="test.CRW017_signInFunctionality01">
        <test-method is-config="true" signature="openBrowser()[pri:0, instance:test.CRW017_signInFunctionality01@478ee483]" started-at="2022-04-05T22:20:15 EDT" name="openBrowser" finished-at="2022-04-05T22:20:21 EDT" duration-ms="5905" status="PASS">
          <reporter-output>
          </reporter-output>
        </test-method> <!-- openBrowser -->
        <test-method signature="signinPage()[pri:0, instance:test.CRW017_signInFunctionality01@478ee483]" started-at="2022-04-05T22:20:21 EDT" name="signinPage" finished-at="2022-04-05T22:20:24 EDT" duration-ms="2807" status="PASS">
          <reporter-output>
          </reporter-output>
        </test-method> <!-- signinPage -->
      </class> <!-- test.CRW017_signInFunctionality01 -->
    </test> <!-- Default test -->
  </suite> <!-- Default suite -->
</testng-results>
